        -:    0:Source:C:/Users/04024/CLionProjects/PSS_as/Users/Person.h
        -:    0:Graph:C:\Users\04024\CLionProjects\PSS_as\cmake-build-debug-coverage\CMakeFiles\PSS_as.dir\Users\Admin.cpp.gcno
        -:    0:Data:C:\Users\04024\CLionProjects\PSS_as\cmake-build-debug-coverage\CMakeFiles\PSS_as.dir\Users\Admin.cpp.gcda
        -:    0:Runs:1
        -:    0:Source is newer than graph
        -:    1://
        -:    2:// Created by 04024 on 05.03.2021.
        -:    3://
        -:    4:
        -:    5:#ifndef PSS_AS_PERSON_H
        -:    6:#define PSS_AS_PERSON_H
        -:    7:
        -:    8:
        -:    9:class Person {
        -:   10:    static int last_id;
        -:   11:protected:
        -:   12:    bool gender = true;
        -:   13:    unsigned int id = 0,age;
        -:   14:    unsigned short access_level = 0;
        -:   15:    char* name;
        -:   16:    char* surname;
        -:   17:    //Student's
        -:   18:    char* course;
        -:   19:    char* courseLevel;
        -:   20:    int group, yearEnter;
        -:   21:    //Professor's
        -:   22:    char* subject;
        -:   23:    //Lab employer's
        -:   24:    int num_groups = 0;
        -:   25:    int* groups = new int[0]();
        -:   26:    char* password;
        -:   27:public:
        -:   28:
        -:   29:    Person(bool Gender, char* Name, char* Surname, int Age){
        -:   30:        this->id = Person::last_id++;
        -:   31:        this->name = Name;
        -:   32:        this->surname = Surname;
        -:   33:        this->gender = Gender;
        -:   34:        this->age = Age;
        -:   35:    }
    #####:   36:    Person(){}
    %%%%%:   36-block  0
        -:   37:    Person(Person const &person){
        -:   38:        this->id = person.id;
        -:   39:        this->name = person.name;
        -:   40:        this->surname = person.surname;
        -:   41:        this->gender = person.gender;
        -:   42:        this->age = person.age;
        -:   43:    }
    #####:   44:    int getId(){
    #####:   45:        return this->id;
    %%%%%:   45-block  0
        -:   46:    }
    #####:   47:    char* getName(){
    #####:   48:        return this->name;
    %%%%%:   48-block  0
        -:   49:    }
    #####:   50:    char* getSurname(){
    #####:   51:        return this->surname;
    %%%%%:   51-block  0
        -:   52:    }
    #####:   53:    bool getGender(){
    #####:   54:        return this->gender;
    %%%%%:   54-block  0
        -:   55:    }
    #####:   56:    int getAge(){
    #####:   57:        return this->age;
    %%%%%:   57-block  0
        -:   58:    }
        -:   59:    int getAccessLevel(){
        -:   60:        return this->access_level;
        -:   61:    }
        -:   62:    virtual bool CheckPassword(char* Password);
        -:   63:
    #####:   64:    static char* AccessLevel(int level){
    #####:   65:        if(level == 1){
    %%%%%:   65-block  0
    #####:   66:            return (char*)("Gray");
    %%%%%:   66-block  0
    #####:   67:        }else if(level == 2){
    %%%%%:   67-block  0
    #####:   68:            return (char*)("Green");
    %%%%%:   68-block  0
    #####:   69:        }else if(level == 3){
    %%%%%:   69-block  0
    #####:   70:            return (char*)("Yellow");
    %%%%%:   70-block  0
    #####:   71:        }else if(level == 4){
    %%%%%:   71-block  0
    #####:   72:            return (char*)("Red");
    %%%%%:   72-block  0
        -:   73:        }
    #####:   74:        return "non-level";
    %%%%%:   74-block  0
        -:   75:    }
        -:   76:};
        -:   77:
        -:   78:
        -:   79:#endif //PSS_AS_PERSON_H
