        -:    0:Source:C:/Users/04024/CLionProjects/PSS_as/Users/Admin.cpp
        -:    0:Graph:C:\Users\04024\CLionProjects\PSS_as\cmake-build-debug-coverage\CMakeFiles\PSS_as.dir\Users\Admin.cpp.gcno
        -:    0:Data:C:\Users\04024\CLionProjects\PSS_as\cmake-build-debug-coverage\CMakeFiles\PSS_as.dir\Users\Admin.cpp.gcda
        -:    0:Runs:1
        -:    1://
        -:    2:// Created by 04024 on 05.03.2021.
        -:    3://
        -:    4:
        -:    5:#include <cstdlib>
        -:    6:#include <iostream>
        -:    7:#include "Admin.h"
        -:    8:using namespace std;
    #####:    9:Admin::~Admin(){
    #####:   10:    free(this->name);
    %%%%%:   10-block  0
    #####:   11:    free(this->surname);;
    #####:   12:    free(this->password);
    #####:   13:}
        -:   14:University* Admin::Innopolis = new University();
        -:   15:
    #####:   16:void Admin::print(){
    #####:   17:    cout<<"Admin : \n\tName : "<<getName()
    #####:   18:                <<"\n\tSurname : "<<getSurname()
    #####:   19:                <<"\n\tID : "<<getId()
    %%%%%:   19-block  0
    #####:   20:                <<"\n\tAge : "<<getAge()
    #####:   21:                <<"\n\tGender : ";
    #####:   22:    if(getGender()){
    #####:   23:        cout<<"Male";
    %%%%%:   23-block  0
        -:   24:    }else{
    #####:   25:        cout<<"Female";
    %%%%%:   25-block  0
        -:   26:    }
    #####:   27:    cout<<"\n\tAccess Level : "<<AccessLevel(this->access_level);
    %%%%%:   27-block  0
    #####:   28:    cout<<endl;
    #####:   29:}
