        -:    0:Source:C:/Users/04024/CLionProjects/PSS_as/Users/Person.cpp
        -:    0:Graph:C:\Users\04024\CLionProjects\PSS_as\cmake-build-debug-coverage\CMakeFiles\PSS_as.dir\Users\Person.cpp.gcno
        -:    0:Data:C:\Users\04024\CLionProjects\PSS_as\cmake-build-debug-coverage\CMakeFiles\PSS_as.dir\Users\Person.cpp.gcda
        -:    0:Runs:1
        -:    1://
        -:    2:// Created by 04024 on 05.03.2021.
        -:    3://
        -:    4:
        -:    5:#include "Person.h"
        -:    6:#include <iostream>
        -:    7:using namespace std;
        -:    8:int Person::last_id = 0;
    #####:    9:bool Person::CheckPassword(char* Password){
    #####:   10:    return (string)Password == (string)this->password;
    %%%%%:   10-block  0
    %%%%%:   10-block  1
    %%%%%:   10-block  2
    %%%%%:   10-block  3
    $$$$$:   10-block  4
    $$$$$:   10-block  5
    $$$$$:   10-block  6
    $$$$$:   10-block  7
    $$$$$:   10-block  8
        -:   11:}
