        -:    0:Source:C:/Users/04024/CLionProjects/PSS_as/Room.cpp
        -:    0:Graph:C:\Users\04024\CLionProjects\PSS_as\cmake-build-debug-coverage\CMakeFiles\PSS_as.dir\Room.cpp.gcno
        -:    0:Data:C:\Users\04024\CLionProjects\PSS_as\cmake-build-debug-coverage\CMakeFiles\PSS_as.dir\Room.cpp.gcda
        -:    0:Runs:1
        -:    1://
        -:    2:// Created by 04024 on 05.03.2021.
        -:    3://
        -:    4:
        -:    5:#include "Room.h"
        -:    6:
    #####:    7:bool Room::canEnter(Person person){
    #####:    8:    if(person.getAccessLevel() >= standardAccess){
    %%%%%:    8-block  0
    #####:    9:        return true;
    %%%%%:    9-block  0
        -:   10:    }
    #####:   11:    for(int i=0;i<specialAccessedUsers_len;i++){
    %%%%%:   11-block  0
    %%%%%:   11-block  1
    %%%%%:   11-block  2
    #####:   12:        if(specialAccessedUsers[i] == person.getAccessLevel()){
    %%%%%:   12-block  0
    #####:   13:            return true;
    %%%%%:   13-block  0
        -:   14:        }
        -:   15:    }
    #####:   16:    return false;
    %%%%%:   16-block  0
        -:   17:}
