        -:    0:Source:C:/Users/04024/CLionProjects/PSS_as/Users/Student.cpp
        -:    0:Graph:C:\Users\04024\CLionProjects\PSS_as\cmake-build-debug-coverage\CMakeFiles\PSS_as.dir\Users\Student.cpp.gcno
        -:    0:Data:C:\Users\04024\CLionProjects\PSS_as\cmake-build-debug-coverage\CMakeFiles\PSS_as.dir\Users\Student.cpp.gcda
        -:    0:Runs:1
        -:    1://
        -:    2:// Created by 04024 on 05.03.2021.
        -:    3://
        -:    4:
        -:    5:#include <cstdlib>
        -:    6:#include <iostream>
        -:    7:#include "Student.h"
        -:    8:using namespace std;
    #####:    9:Student::~Student() {
    #####:   10:    free(this->name);
    %%%%%:   10-block  0
    #####:   11:    free(this->surname);
    #####:   12:    free(this->course);
    #####:   13:    free(this->courseLevel);
    #####:   14:}
    #####:   15:int Student::getGroup(){
    #####:   16:    return this->group;
    %%%%%:   16-block  0
        -:   17:}
    #####:   18:int Student::getYearEnter(){
    #####:   19:    return this->yearEnter;
    %%%%%:   19-block  0
        -:   20:}
    #####:   21:void Student::setGroup(int newGroup){
    #####:   22:    this->group = newGroup;
    #####:   23:}
        -:   24:
    #####:   25:void Student::print(){
    #####:   26:    cout<<"Student : \n\tName : "<<getName()
    #####:   27:        <<"\n\tSurname : "<<getSurname()
    #####:   28:        <<"\n\tID : "<<getId()
    %%%%%:   28-block  0
    #####:   29:        <<"\n\tAge : "<<getAge()
    #####:   30:        <<"\n\tGender : ";
    #####:   31:    if(getGender()){
    #####:   32:        cout<<"Male";
    %%%%%:   32-block  0
        -:   33:    }else{
    #####:   34:        cout<<"Female";
    %%%%%:   34-block  0
        -:   35:    }
    #####:   36:    if(getGender()){
    %%%%%:   36-block  0
    #####:   37:        cout<<"Male";
    %%%%%:   37-block  0
        -:   38:    }else{
    #####:   39:        cout<<"Female";
    %%%%%:   39-block  0
        -:   40:    }
    #####:   41:    cout<<"\n\tGroup : "<<getGroup();
    %%%%%:   41-block  0
    #####:   42:    cout<<"\n\tYear Enter in Inno : "<<getYearEnter();
    #####:   43:    cout<<"\n\tAccess Level : "<<AccessLevel(this->access_level);
    #####:   44:    cout<<endl;
    #####:   45:}
